{
  level: 'error',
  message: '::1 - System Error-[updating shop details shop_name: 123MJ&Shelves shop_id: 65f5c64ce0766d37b943fe56',
  service: 'user-service',
  label: 'development',
  timestamp: '2024-03-16T16:26:14.155Z'
}
{
  level: 'error',
  message: '::1 - System Error-[updating shop details shop_name: 123MJ&Shelves shop_id: 65f5c64ce0766d37b943fe56',
  service: 'user-service',
  label: 'development',
  timestamp: '2024-03-16T16:26:41.779Z'
}
{
  level: 'error',
  message: '::1 - System Error-[updating shop details shop_name: MJ&Shelves shop_id: 65f5c64ce0766d37b943fe56',
  service: 'user-service',
  label: 'development',
  timestamp: '2024-03-16T16:27:44.440Z'
}
{
  level: 'error',
  message: '::1 - System Error-[updating shop details shop_name: MJ&Shelves shop_id: 65f5c64ce0766d37b943fe56',
  service: 'user-service',
  label: 'development',
  timestamp: '2024-03-16T16:28:06.394Z'
}
