{
  level: 'error',
  message: 'System Error',
  service: 'user-service',
  label: 'development',
  timestamp: '2024-03-02T14:21:19.022Z'
}
{
  level: 'info',
  message: 'Dennis Sammy signed in',
  service: 'user-service',
  label: 'development',
  timestamp: '2024-03-02T14:22:37.366Z'
}
{
  level: 'info',
  message: '::1 - Dennis Sammy signed in',
  service: 'user-service',
  label: 'development',
  timestamp: '2024-03-02T14:25:33.176Z'
}
{
  level: 'info',
  message: '::1 - Dennis Sammy signed in',
  service: 'user-service',
  label: 'development',
  timestamp: '2024-03-02T14:27:14.377Z'
}
{
  level: 'info',
  message: '::1 - Dennis Sammy signed in',
  service: 'user-service',
  label: 'development',
  timestamp: '2024-03-02T14:28:38.258Z'
}
{
  level: 'info',
  message: '::1 - Dennis Sammy signed in',
  service: 'user-service',
  label: 'development',
  timestamp: '2024-03-02T14:30:19.279Z'
}
{
  level: 'info',
  message: '::1 - Dennis Sammy signed in',
  service: 'user-service',
  label: 'development',
  timestamp: '2024-03-02T14:31:45.506Z'
}
{
  level: 'error',
  message: '::1 - System Error',
  service: 'user-service',
  label: 'development',
  timestamp: '2024-03-02T14:44:08.992Z'
}
{
  level: 'info',
  message: '::1 - undefined signed up',
  service: 'user-service',
  label: 'development',
  timestamp: '2024-03-02T14:47:47.421Z'
}
